client_android/build/outputs/logs/manifest-merger-debug-report.txt
-- Merging decision tree log ---
manifest
ADDED from src\main\AndroidManifest.xml:2:1-1365:12
	package
		ADDED from src\main\AndroidManifest.xml:3:5-28
		INJECTED from src\main\AndroidManifest.xml
		INJECTED from src\main\AndroidManifest.xml
	android:versionName
		ADDED from src\main\AndroidManifest.xml:5:5-32
		INJECTED from src\main\AndroidManifest.xml
		INJECTED from src\main\AndroidManifest.xml
	android:versionCode
		ADDED from src\main\AndroidManifest.xml:4:5-28
		INJECTED from src\main\AndroidManifest.xml
		INJECTED from src\main\AndroidManifest.xml
	xmlns:android
		ADDED from src\main\AndroidManifest.xml:2:11-69
uses-sdk
ADDED from src\main\AndroidManifest.xml:7:5-9:41
MERGED from [com.android.support:multidex:1.0.1] AndroidManifest.xml:18:5-42
MERGED from [client_android:wheel:unspecified] AndroidManifest.xml:7:5-9:40
MERGED from [client_android:signaturePadLibrary:unspecified] AndroidManifest.xml:7:5-9:40
	android:targetSdkVersion
		ADDED from src\main\AndroidManifest.xml:9:9-38
		INJECTED from src\main\AndroidManifest.xml
		INJECTED from src\main\AndroidManifest.xml
	android:minSdkVersion
		ADDED from src\main\AndroidManifest.xml:8:9-35
		INJECTED from src\main\AndroidManifest.xml
		INJECTED from src\main\AndroidManifest.xml
uses-permission#android.permission.INTERNET
ADDED from src\main\AndroidManifest.xml:12:5-67
	android:name
		ADDED from src\main\AndroidManifest.xml:12:22-64
uses-permission#android.permission.CHANGE_NETWORK_STATE
ADDED from src\main\AndroidManifest.xml:14:5-79
	android:name
		ADDED from src\main\AndroidManifest.xml:14:22-76
uses-permission#android.permission.CHANGE_WIFI_STATE
ADDED from src\main\AndroidManifest.xml:15:5-76
	android:name
		ADDED from src\main\AndroidManifest.xml:15:22-73
uses-permission#android.permission.CAMERA
ADDED from src\main\AndroidManifest.xml:19:5-65
	android:name
		ADDED from src\main\AndroidManifest.xml:19:22-62
uses-permission#android.permission.RECORD_AUDIO
ADDED from src\main\AndroidManifest.xml:20:5-71
	android:name
		ADDED from src\main\AndroidManifest.xml:20:22-68
uses-permission#android.permission.MODIFY_AUDIO_SETTINGS
ADDED from src\main\AndroidManifest.xml:21:5-80
	android:name
		ADDED from src\main\AndroidManifest.xml:21:22-77
uses-permission#android.permission.MOUNT_UNMOUNT_FILESYSTEMS
ADDED from src\main\AndroidManifest.xml:22:5-84
	android:name
		ADDED from src\main\AndroidManifest.xml:22:22-81
uses-permission#android.permission.READ_CONTACTS
ADDED from src\main\AndroidManifest.xml:23:5-72
	android:name
		ADDED from src\main\AndroidManifest.xml:23:22-69
uses-permission#android.permission.WRITE_CONTACTS
ADDED from src\main\AndroidManifest.xml:24:5-73
	android:name
		ADDED from src\main\AndroidManifest.xml:24:22-70
uses-permission#com.android.browser.permission.READ_HISTORY_BOOKMARKS
ADDED from src\main\AndroidManifest.xml:25:5-93
	android:name
		ADDED from src\main\AndroidManifest.xml:25:22-90
uses-permission#android.permission.FLASHLIGHT
ADDED from src\main\AndroidManifest.xml:27:5-69
	android:name
		ADDED from src\main\AndroidManifest.xml:27:22-66
uses-permission#android.permission.WAKE_LOCK
ADDED from src\main\AndroidManifest.xml:30:5-68
	android:name
		ADDED from src\main\AndroidManifest.xml:30:22-65
uses-permission#android.permission.CALL_PHONE
ADDED from src\main\AndroidManifest.xml:31:5-69
	android:name
		ADDED from src\main\AndroidManifest.xml:31:22-66
uses-permission#android.permission.GET_ACCOUNTS
ADDED from src\main\AndroidManifest.xml:35:5-71
	android:name
		ADDED from src\main\AndroidManifest.xml:35:22-68
uses-permission#android.permission.USE_CREDENTIALS
ADDED from src\main\AndroidManifest.xml:36:5-74
	android:name
		ADDED from src\main\AndroidManifest.xml:36:22-71
uses-permission#android.permission.MANAGE_ACCOUNTS
ADDED from src\main\AndroidManifest.xml:37:5-74
	android:name
		ADDED from src\main\AndroidManifest.xml:37:22-71
uses-permission#android.permission.AUTHENTICATE_ACCOUNTS
ADDED from src\main\AndroidManifest.xml:38:5-80
	android:name
		ADDED from src\main\AndroidManifest.xml:38:22-77
uses-permission#com.android.launcher.permission.READ_SETTINGS
ADDED from src\main\AndroidManifest.xml:39:5-85
	android:name
		ADDED from src\main\AndroidManifest.xml:39:22-82
uses-permission#android.permission.BROADCAST_STICKY
ADDED from src\main\AndroidManifest.xml:40:5-75
	android:name
		ADDED from src\main\AndroidManifest.xml:40:22-72
uses-permission#android.permission.WRITE_SETTINGS
ADDED from src\main\AndroidManifest.xml:41:5-73
	android:name
		ADDED from src\main\AndroidManifest.xml:41:22-70
uses-permission#android.permission.BAIDU_LOCATION_SERVICE
ADDED from src\main\AndroidManifest.xml:42:5-43:23
	android:name
		ADDED from src\main\AndroidManifest.xml:42:22-78
uses-permission#android.permission.ACCESS_COARSE_LOCATION
ADDED from src\main\AndroidManifest.xml:44:5-46:23
	android:name
		ADDED from src\main\AndroidManifest.xml:44:22-78
uses-permission#android.permission.ACCESS_FINE_LOCATION
ADDED from src\main\AndroidManifest.xml:48:5-49:23
	android:name
		ADDED from src\main\AndroidManifest.xml:48:22-76
uses-permission#android.permission.ACCESS_GPS
ADDED from src\main\AndroidManifest.xml:50:5-69
	android:name
		ADDED from src\main\AndroidManifest.xml:50:22-66
uses-permission#android.permission.GET_TASKS
ADDED from src\main\AndroidManifest.xml:52:5-68
	android:name
		ADDED from src\main\AndroidManifest.xml:52:22-65
uses-permission#android.permission.PROCESS_OUTGOING_CALLS
ADDED from src\main\AndroidManifest.xml:54:5-55:23
	android:name
		ADDED from src\main\AndroidManifest.xml:54:22-78
uses-permission#android.permission.READ_EXTERNAL_STORAGE
ADDED from src\main\AndroidManifest.xml:57:5-80
	android:name
		ADDED from src\main\AndroidManifest.xml:57:22-77
uses-permission#android.permission.READ_PHONE_STATE
ADDED from src\main\AndroidManifest.xml:59:5-75
	android:name
		ADDED from src\main\AndroidManifest.xml:59:22-72
uses-permission#android.permission.ACCESS_NETWORK_STATE
ADDED from src\main\AndroidManifest.xml:60:5-79
	android:name
		ADDED from src\main\AndroidManifest.xml:60:22-76
uses-permission#android.permission.VIBRATE
ADDED from src\main\AndroidManifest.xml:63:5-66
	android:name
		ADDED from src\main\AndroidManifest.xml:63:22-63
uses-permission#android.permission.WRITE_EXTERNAL_STORAGE
ADDED from src\main\AndroidManifest.xml:64:5-81
	android:name
		ADDED from src\main\AndroidManifest.xml:64:22-78
uses-permission#android.permission.DOWNLOAD_WITHOUT_NOTIFICATION
ADDED from src\main\AndroidManifest.xml:66:5-88
	android:name
		ADDED from src\main\AndroidManifest.xml:66:22-85
uses-permission#android.permission.DISABLE_KEYGUARD
ADDED from src\main\AndroidManifest.xml:67:5-75
	android:name
		ADDED from src\main\AndroidManifest.xml:67:22-72
uses-permission#android.permission.ACCESS_WIFI_STATE
ADDED from src\main\AndroidManifest.xml:69:5-76
	android:name
		ADDED from src\main\AndroidManifest.xml:69:22-73
uses-permission#Android.permission.RESTART_PACKAGES
ADDED from src\main\AndroidManifest.xml:70:5-74
	android:name
		ADDED from src\main\AndroidManifest.xml:70:22-72
uses-permission#baidu.push.permission.WRITE_PUSHINFOPROVIDER.com.hangyi.zd
ADDED from src\main\AndroidManifest.xml:73:2-95
	android:name
		ADDED from src\main\AndroidManifest.xml:73:19-92
permission#baidu.push.permission.WRITE_PUSHINFOPROVIDER.com.hangyi.zd
ADDED from src\main\AndroidManifest.xml:74:5-77:18
	android:protectionLevel
		ADDED from src\main\AndroidManifest.xml:76:9-41
	android:name
		ADDED from src\main\AndroidManifest.xml:75:9-82
application
ADDED from src\main\AndroidManifest.xml:79:5-1363:19
MERGED from [client_android:wheel:unspecified] AndroidManifest.xml:11:5-12:19
MERGED from [client_android:signaturePadLibrary:unspecified] AndroidManifest.xml:11:5-20
	android:label
		ADDED from src\main\AndroidManifest.xml:82:9-52
	android:icon
		ADDED from src\main\AndroidManifest.xml:81:9-42
	android:persistent
		ADDED from src\main\AndroidManifest.xml:83:9-34
	android:theme
		ADDED from src\main\AndroidManifest.xml:84:9-68
	android:name
		ADDED from src\main\AndroidManifest.xml:80:9-58
activity#com.hangyi.zd.SplashActivity
ADDED from src\main\AndroidManifest.xml:85:9-94:20
	android:screenOrientation
		ADDED from src\main\AndroidManifest.xml:88:13-49
	android:label
		ADDED from src\main\AndroidManifest.xml:87:13-56
	android:name
		ADDED from src\main\AndroidManifest.xml:86:13-56
intent-filter#android.intent.action.MAIN+android.intent.category.LAUNCHER
ADDED from src\main\AndroidManifest.xml:89:13-93:29
action#android.intent.action.MAIN
ADDED from src\main\AndroidManifest.xml:90:17-69
	android:name
		ADDED from src\main\AndroidManifest.xml:90:25-66
category#android.intent.category.LAUNCHER
ADDED from src\main\AndroidManifest.xml:92:17-77
	android:name
		ADDED from src\main\AndroidManifest.xml:92:27-74
activity#com.hangyi.zd.activity.TestImageBase64Activity
ADDED from src\main\AndroidManifest.xml:96:9-100:70
	android:screenOrientation
		ADDED from src\main\AndroidManifest.xml:99:13-49
	android:windowSoftInputMode
		ADDED from src\main\AndroidManifest.xml:100:13-67
	android:configChanges
		ADDED from src\main\AndroidManifest.xml:98:13-63
	android:name
		ADDED from src\main\AndroidManifest.xml:97:13-74
activity#com.hangyi.zd.activity.gridviewpage.AllAppListActivity
ADDED from src\main\AndroidManifest.xml:101:9-105:70
	android:screenOrientation
		ADDED from src\main\AndroidManifest.xml:104:13-49
	android:windowSoftInputMode
		ADDED from src\main\AndroidManifest.xml:105:13-67
	android:configChanges
		ADDED from src\main\AndroidManifest.xml:103:13-63
	android:name
		ADDED from src\main\AndroidManifest.xml:102:13-82
activity#com.hangyi.zd.widge.MainActivity
ADDED from src\main\AndroidManifest.xml:106:9-110:70
	android:screenOrientation
		ADDED from src\main\AndroidManifest.xml:109:13-49
	android:windowSoftInputMode
		ADDED from src\main\AndroidManifest.xml:110:13-67
	android:configChanges
		ADDED from src\main\AndroidManifest.xml:108:13-63
	android:name
		ADDED from src\main\AndroidManifest.xml:107:13-60
activity#com.hangyi.zd.activity.NotifyDetailActivity
ADDED from src\main\AndroidManifest.xml:112:9-122:20
	android:screenOrientation
		ADDED from src\main\AndroidManifest.xml:115:13-49
	android:launchMode
		ADDED from src\main\AndroidManifest.xml:116:13-44
	android:windowSoftInputMode
		ADDED from src\main\AndroidManifest.xml:117:13-67
	android:configChanges
		ADDED from src\main\AndroidManifest.xml:114:13-63
	android:name
		ADDED from src\main\AndroidManifest.xml:113:13-71
intent-filter#android.intent.action.NotifyDetailActivity
ADDED from src\main\AndroidManifest.xml:118:13-121:29
action#android.intent.action.NotifyDetailActivity
ADDED from src\main\AndroidManifest.xml:119:17-85
	android:name
		ADDED from src\main\AndroidManifest.xml:119:25-82
activity#com.eyunda.third.activities.NewPageHomeMainActivity
ADDED from src\main\AndroidManifest.xml:123:9-128:70
	android:screenOrientation
		ADDED from src\main\AndroidManifest.xml:127:13-49
	android:launchMode
		ADDED from src\main\AndroidManifest.xml:126:13-44
	android:windowSoftInputMode
		ADDED from src\main\AndroidManifest.xml:128:13-67
	android:configChanges
		ADDED from src\main\AndroidManifest.xml:125:13-63
	android:name
		ADDED from src\main\AndroidManifest.xml:124:13-79
activity#com.hangyi.zd.activity.GroupListActivity
ADDED from src\main\AndroidManifest.xml:129:9-133:70
	android:screenOrientation
		ADDED from src\main\AndroidManifest.xml:132:13-49
	android:windowSoftInputMode
		ADDED from src\main\AndroidManifest.xml:133:13-67
	android:configChanges
		ADDED from src\main\AndroidManifest.xml:131:13-63
	android:name
		ADDED from src\main\AndroidManifest.xml:130:13-68
activity#com.hangyi.zd.activity.GroupActivity
ADDED from src\main\AndroidManifest.xml:134:9-138:70
	android:screenOrientation
		ADDED from src\main\AndroidManifest.xml:137:13-49
	android:windowSoftInputMode
		ADDED from src\main\AndroidManifest.xml:138:13-67
	android:configChanges
		ADDED from src\main\AndroidManifest.xml:136:13-63
	android:name
		ADDED from src\main\AndroidManifest.xml:135:13-64
activity#com.hangyi.zd.activity.ShowBigImage
ADDED from src\main\AndroidManifest.xml:139:9-143:70
	android:screenOrientation
		ADDED from src\main\AndroidManifest.xml:142:13-49
	android:windowSoftInputMode
		ADDED from src\main\AndroidManifest.xml:143:13-67
	android:configChanges
		ADDED from src\main\AndroidManifest.xml:141:13-63
	android:name
		ADDED from src\main\AndroidManifest.xml:140:13-63
activity#com.hangyi.zd.activity.ShipSeachActivity
ADDED from src\main\AndroidManifest.xml:144:9-148:70
	android:screenOrientation
		ADDED from src\main\AndroidManifest.xml:147:13-49
	android:windowSoftInputMode
		ADDED from src\main\AndroidManifest.xml:148:13-67
	android:configChanges
		ADDED from src\main\AndroidManifest.xml:146:13-63
	android:name
		ADDED from src\main\AndroidManifest.xml:145:13-68
activity#com.hangyi.zd.activity.ShipPoliceActivity
ADDED from src\main\AndroidManifest.xml:149:9-153:70
	android:screenOrientation
		ADDED from src\main\AndroidManifest.xml:152:13-49
	android:windowSoftInputMode
		ADDED from src\main\AndroidManifest.xml:153:13-67
	android:configChanges
		ADDED from src\main\AndroidManifest.xml:151:13-63
	android:name
		ADDED from src\main\AndroidManifest.xml:150:13-69
activity#com.hangyi.zd.activity.PoliceActivity
ADDED from src\main\AndroidManifest.xml:154:9-158:70
	android:screenOrientation
		ADDED from src\main\AndroidManifest.xml:157:13-49
	android:windowSoftInputMode
		ADDED from src\main\AndroidManifest.xml:158:13-67
	android:configChanges
		ADDED from src\main\AndroidManifest.xml:156:13-63
	android:name
		ADDED from src\main\AndroidManifest.xml:155:13-65
activity#com.hangyi.zd.activity.NewShipGroupActivity
ADDED from src\main\AndroidManifest.xml:159:9-163:70
	android:screenOrientation
		ADDED from src\main\AndroidManifest.xml:162:13-49
	android:windowSoftInputMode
		ADDED from src\main\AndroidManifest.xml:163:13-67
	android:configChanges
		ADDED from src\main\AndroidManifest.xml:161:13-63
	android:name
		ADDED from src\main\AndroidManifest.xml:160:13-71
activity#com.hangyi.zd.activity.ShipGroupActivity
ADDED from src\main\AndroidManifest.xml:164:9-168:70
	android:screenOrientation
		ADDED from src\main\AndroidManifest.xml:167:13-49
	android:windowSoftInputMode
		ADDED from src\main\AndroidManifest.xml:168:13-67
	android:configChanges
		ADDED from src\main\AndroidManifest.xml:166:13-63
	android:name
		ADDED from src\main\AndroidManifest.xml:165:13-68
activity#com.hangyi.zd.activity.HelpActivity
ADDED from src\main\AndroidManifest.xml:169:9-173:70
	android:screenOrientation
		ADDED from src\main\AndroidManifest.xml:172:13-49
	android:windowSoftInputMode
		ADDED from src\main\AndroidManifest.xml:173:13-67
	android:configChanges
		ADDED from src\main\AndroidManifest.xml:171:13-63
	android:name
		ADDED from src\main\AndroidManifest.xml:170:13-63
activity#com.hangyi.zd.activity.LSShipListActivity
ADDED from src\main\AndroidManifest.xml:174:9-178:70
	android:screenOrientation
		ADDED from src\main\AndroidManifest.xml:177:13-49
	android:windowSoftInputMode
		ADDED from src\main\AndroidManifest.xml:178:13-67
	android:configChanges
		ADDED from src\main\AndroidManifest.xml:176:13-63
	android:name
		ADDED from src\main\AndroidManifest.xml:175:13-69
activity#com.hangyi.zd.activity.MainActivity
ADDED from src\main\AndroidManifest.xml:179:9-183:70
	android:screenOrientation
		ADDED from src\main\AndroidManifest.xml:182:13-49
	android:windowSoftInputMode
		ADDED from src\main\AndroidManifest.xml:183:13-67
	android:configChanges
		ADDED from src\main\AndroidManifest.xml:181:13-63
	android:name
		ADDED from src\main\AndroidManifest.xml:180:13-63
activity#com.hangyi.zd.activity.ZdShipDynamicActivity
ADDED from src\main\AndroidManifest.xml:184:9-188:70
	android:screenOrientation
		ADDED from src\main\AndroidManifest.xml:187:13-49
	android:windowSoftInputMode
		ADDED from src\main\AndroidManifest.xml:188:13-67
	android:configChanges
		ADDED from src\main\AndroidManifest.xml:186:13-63
	android:name
		ADDED from src\main\AndroidManifest.xml:185:13-72
activity#com.hangyi.zd.activity.ShipFBActivity
ADDED from src\main\AndroidManifest.xml:189:9-193:70
	android:screenOrientation
		ADDED from src\main\AndroidManifest.xml:192:13-49
	android:windowSoftInputMode
		ADDED from src\main\AndroidManifest.xml:193:13-67
	android:configChanges
		ADDED from src\main\AndroidManifest.xml:191:13-63
	android:name
		ADDED from src\main\AndroidManifest.xml:190:13-65
activity#com.hangyi.zd.activity.ShipHCNodeActivity
ADDED from src\main\AndroidManifest.xml:194:9-198:70
	android:screenOrientation
		ADDED from src\main\AndroidManifest.xml:197:13-49
	android:windowSoftInputMode
		ADDED from src\main\AndroidManifest.xml:198:13-67
	android:configChanges
		ADDED from src\main\AndroidManifest.xml:196:13-63
	android:name
		ADDED from src\main\AndroidManifest.xml:195:13-69
activity#com.hangyi.zd.activity.ShipListActivity
ADDED from src\main\AndroidManifest.xml:199:9-203:70
	android:screenOrientation
		ADDED from src\main\AndroidManifest.xml:202:13-49
	android:windowSoftInputMode
		ADDED from src\main\AndroidManifest.xml:203:13-67
	android:configChanges
		ADDED from src\main\AndroidManifest.xml:201:13-63
	android:name
		ADDED from src\main\AndroidManifest.xml:200:13-67
activity#com.hangyi.zd.activity.ShipHCListActivity
ADDED from src\main\AndroidManifest.xml:204:9-208:70
	android:screenOrientation
		ADDED from src\main\AndroidManifest.xml:207:13-49
	android:windowSoftInputMode
		ADDED from src\main\AndroidManifest.xml:208:13-67
	android:configChanges
		ADDED from src\main\AndroidManifest.xml:206:13-63
	android:name
		ADDED from src\main\AndroidManifest.xml:205:13-69
activity#com.hangyi.zd.activity.ShipHCListIngActivity
ADDED from src\main\AndroidManifest.xml:209:9-213:70
	android:screenOrientation
		ADDED from src\main\AndroidManifest.xml:212:13-49
	android:windowSoftInputMode
		ADDED from src\main\AndroidManifest.xml:213:13-67
	android:configChanges
		ADDED from src\main\AndroidManifest.xml:211:13-63
	android:name
		ADDED from src\main\AndroidManifest.xml:210:13-72
activity#com.hangyi.zd.activity.ShipHCItemActivity
ADDED from src\main\AndroidManifest.xml:214:9-218:70
	android:screenOrientation
		ADDED from src\main\AndroidManifest.xml:217:13-49
	android:windowSoftInputMode
		ADDED from src\main\AndroidManifest.xml:218:13-67
	android:configChanges
		ADDED from src\main\AndroidManifest.xml:216:13-63
	android:name
		ADDED from src\main\AndroidManifest.xml:215:13-69
activity#com.hangyi.zd.activity.ShipHCActivity
ADDED from src\main\AndroidManifest.xml:219:9-223:70
	android:screenOrientation
		ADDED from src\main\AndroidManifest.xml:222:13-49
	android:windowSoftInputMode
		ADDED from src\main\AndroidManifest.xml:223:13-67
	android:configChanges
		ADDED from src\main\AndroidManifest.xml:221:13-63
	android:name
		ADDED from src\main\AndroidManifest.xml:220:13-65
activity#com.hangyi.zd.activity.ShipLSActivity
ADDED from src\main\AndroidManifest.xml:224:9-228:70
	android:screenOrientation
		ADDED from src\main\AndroidManifest.xml:227:13-49
	android:windowSoftInputMode
		ADDED from src\main\AndroidManifest.xml:228:13-67
	android:configChanges
		ADDED from src\main\AndroidManifest.xml:226:13-63
	android:name
		ADDED from src\main\AndroidManifest.xml:225:13-65
activity#com.hangyi.zd.activity.ShipSCActivity
ADDED from src\main\AndroidManifest.xml:229:9-233:70
	android:screenOrientation
		ADDED from src\main\AndroidManifest.xml:232:13-49
	android:windowSoftInputMode
		ADDED from src\main\AndroidManifest.xml:233:13-67
	android:configChanges
		ADDED from src\main\AndroidManifest.xml:231:13-63
	android:name
		ADDED from src\main\AndroidManifest.xml:230:13-65
activity#com.hangyi.zd.activity.LoginActivity
ADDED from src\main\AndroidManifest.xml:234:9-238:70
	android:screenOrientation
		ADDED from src\main\AndroidManifest.xml:237:13-49
	android:windowSoftInputMode
		ADDED from src\main\AndroidManifest.xml:238:13-67
	android:configChanges
		ADDED from src\main\AndroidManifest.xml:236:13-63
	android:name
		ADDED from src\main\AndroidManifest.xml:235:13-64
activity#com.hangyi.zd.activity.UpdatePwd
ADDED from src\main\AndroidManifest.xml:239:9-243:70
	android:screenOrientation
		ADDED from src\main\AndroidManifest.xml:242:13-49
	android:windowSoftInputMode
		ADDED from src\main\AndroidManifest.xml:243:13-67
	android:configChanges
		ADDED from src\main\AndroidManifest.xml:241:13-63
	android:name
		ADDED from src\main\AndroidManifest.xml:240:13-60
activity#com.hangyi.zd.activity.ChangUserLoginActivity
ADDED from src\main\AndroidManifest.xml:244:9-248:70
	android:screenOrientation
		ADDED from src\main\AndroidManifest.xml:247:13-49
	android:windowSoftInputMode
		ADDED from src\main\AndroidManifest.xml:248:13-67
	android:configChanges
		ADDED from src\main\AndroidManifest.xml:246:13-63
	android:name
		ADDED from src\main\AndroidManifest.xml:245:13-73
activity#com.hangyi.zd.activity.AccountInfoActivity
ADDED from src\main\AndroidManifest.xml:249:9-253:70
	android:screenOrientation
		ADDED from src\main\AndroidManifest.xml:252:13-49
	android:windowSoftInputMode
		ADDED from src\main\AndroidManifest.xml:253:13-67
	android:configChanges
		ADDED from src\main\AndroidManifest.xml:251:13-63
	android:name
		ADDED from src\main\AndroidManifest.xml:250:13-70
activity#com.hangyi.zd.activity.ShipInfoActivity
ADDED from src\main\AndroidManifest.xml:254:9-258:70
	android:screenOrientation
		ADDED from src\main\AndroidManifest.xml:257:13-49
	android:windowSoftInputMode
		ADDED from src\main\AndroidManifest.xml:258:13-67
	android:configChanges
		ADDED from src\main\AndroidManifest.xml:256:13-63
	android:name
		ADDED from src\main\AndroidManifest.xml:255:13-67
activity#com.eyunda.main.SplashTwoActivity
ADDED from src\main\AndroidManifest.xml:261:9-265:70
	android:screenOrientation
		ADDED from src\main\AndroidManifest.xml:264:13-49
	android:windowSoftInputMode
		ADDED from src\main\AndroidManifest.xml:265:13-67
	android:configChanges
		ADDED from src\main\AndroidManifest.xml:263:13-63
	android:name
		ADDED from src\main\AndroidManifest.xml:262:13-61
activity#com.eyunda.third.activities.viewPage.ViewPagerActivity
ADDED from src\main\AndroidManifest.xml:267:9-271:70
	android:screenOrientation
		ADDED from src\main\AndroidManifest.xml:270:13-49
	android:windowSoftInputMode
		ADDED from src\main\AndroidManifest.xml:271:13-67
	android:configChanges
		ADDED from src\main\AndroidManifest.xml:269:13-63
	android:name
		ADDED from src\main\AndroidManifest.xml:268:13-82
activity#com.eyunda.third.activities.home.AdvShipSearchActivity
ADDED from src\main\AndroidManifest.xml:273:9-277:70
	android:screenOrientation
		ADDED from src\main\AndroidManifest.xml:276:13-49
	android:windowSoftInputMode
		ADDED from src\main\AndroidManifest.xml:277:13-67
	android:configChanges
		ADDED from src\main\AndroidManifest.xml:275:13-63
	android:name
		ADDED from src\main\AndroidManifest.xml:274:13-82
activity#com.eyunda.third.activities.home.AdvCargoSearchActivity
ADDED from src\main\AndroidManifest.xml:278:9-282:70
	android:screenOrientation
		ADDED from src\main\AndroidManifest.xml:281:13-49
	android:windowSoftInputMode
		ADDED from src\main\AndroidManifest.xml:282:13-67
	android:configChanges
		ADDED from src\main\AndroidManifest.xml:280:13-63
	android:name
		ADDED from src\main\AndroidManifest.xml:279:13-83
activity#com.eyunda.third.activities.order.MyOrderActivity
ADDED from src\main\AndroidManifest.xml:284:9-289:70
	android:screenOrientation
		ADDED from src\main\AndroidManifest.xml:288:13-49
	android:launchMode
		ADDED from src\main\AndroidManifest.xml:287:13-44
	android:windowSoftInputMode
		ADDED from src\main\AndroidManifest.xml:289:13-67
	android:configChanges
		ADDED from src\main\AndroidManifest.xml:286:13-63
	android:name
		ADDED from src\main\AndroidManifest.xml:285:13-77
activity#com.eyunda.third.activities.ship.DynamicActivity
ADDED from src\main\AndroidManifest.xml:292:9-296:70
	android:screenOrientation
		ADDED from src\main\AndroidManifest.xml:295:13-49
	android:windowSoftInputMode
		ADDED from src\main\AndroidManifest.xml:296:13-67
	android:configChanges
		ADDED from src\main\AndroidManifest.xml:294:13-63
	android:name
		ADDED from src\main\AndroidManifest.xml:293:13-76
activity#com.eyunda.third.activities.ship.ShipDataSource
ADDED from src\main\AndroidManifest.xml:298:9-302:70
	android:screenOrientation
		ADDED from src\main\AndroidManifest.xml:301:13-49
	android:windowSoftInputMode
		ADDED from src\main\AndroidManifest.xml:302:13-67
	android:configChanges
		ADDED from src\main\AndroidManifest.xml:300:13-63
	android:name
		ADDED from src\main\AndroidManifest.xml:299:13-75
activity#com.eyunda.third.activities.ship.ShipDuesActivity
ADDED from src\main\AndroidManifest.xml:304:9-309:70
	android:screenOrientation
		ADDED from src\main\AndroidManifest.xml:308:13-49
	android:launchMode
		ADDED from src\main\AndroidManifest.xml:307:13-44
	android:windowSoftInputMode
		ADDED from src\main\AndroidManifest.xml:309:13-67
	android:configChanges
		ADDED from src\main\AndroidManifest.xml:306:13-63
	android:name
		ADDED from src\main\AndroidManifest.xml:305:13-77
activity#com.eyunda.third.activities.ship.ShipGasOrderActivity
ADDED from src\main\AndroidManifest.xml:311:9-315:70
	android:screenOrientation
		ADDED from src\main\AndroidManifest.xml:314:13-49
	android:windowSoftInputMode
		ADDED from src\main\AndroidManifest.xml:315:13-67
	android:configChanges
		ADDED from src\main\AndroidManifest.xml:313:13-63
	android:name
		ADDED from src\main\AndroidManifest.xml:312:13-81
activity#com.eyunda.third.activities.ship.ShipDuesInActivity
ADDED from src\main\AndroidManifest.xml:317:9-321:70
	android:screenOrientation
		ADDED from src\main\AndroidManifest.xml:320:13-49
	android:windowSoftInputMode
		ADDED from src\main\AndroidManifest.xml:321:13-67
	android:configChanges
		ADDED from src\main\AndroidManifest.xml:319:13-63
	android:name
		ADDED from src\main\AndroidManifest.xml:318:13-79
activity#com.eyunda.third.activities.oil.OilListActivity
ADDED from src\main\AndroidManifest.xml:323:9-327:70
	android:screenOrientation
		ADDED from src\main\AndroidManifest.xml:326:13-49
	android:windowSoftInputMode
		ADDED from src\main\AndroidManifest.xml:327:13-67
	android:configChanges
		ADDED from src\main\AndroidManifest.xml:325:13-63
	android:name
		ADDED from src\main\AndroidManifest.xml:324:13-75
activity#com.eyunda.third.activities.oil.GasOrderActivity
ADDED from src\main\AndroidManifest.xml:329:9-333:70
	android:screenOrientation
		ADDED from src\main\AndroidManifest.xml:332:13-49
	android:windowSoftInputMode
		ADDED from src\main\AndroidManifest.xml:333:13-67
	android:configChanges
		ADDED from src\main\AndroidManifest.xml:331:13-63
	android:name
		ADDED from src\main\AndroidManifest.xml:330:13-76
activity#com.eyunda.third.activities.oil.OilPreviewActivity
ADDED from src\main\AndroidManifest.xml:335:9-339:70
	android:screenOrientation
		ADDED from src\main\AndroidManifest.xml:338:13-49
	android:windowSoftInputMode
		ADDED from src\main\AndroidManifest.xml:339:13-67
	android:configChanges
		ADDED from src\main\AndroidManifest.xml:337:13-63
	android:name
		ADDED from src\main\AndroidManifest.xml:336:13-78
activity#com.eyunda.third.activities.map.ShipLatestDynamicActivity
ADDED from src\main\AndroidManifest.xml:342:9-346:70
	android:screenOrientation
		ADDED from src\main\AndroidManifest.xml:345:13-49
	android:windowSoftInputMode
		ADDED from src\main\AndroidManifest.xml:346:13-67
	android:configChanges
		ADDED from src\main\AndroidManifest.xml:344:13-63
	android:name
		ADDED from src\main\AndroidManifest.xml:343:13-85
activity#com.eyunda.third.activities.ship.ShipCabinListActivity
ADDED from src\main\AndroidManifest.xml:348:9-352:70
	android:screenOrientation
		ADDED from src\main\AndroidManifest.xml:351:13-49
	android:windowSoftInputMode
		ADDED from src\main\AndroidManifest.xml:352:13-67
	android:configChanges
		ADDED from src\main\AndroidManifest.xml:350:13-63
	android:name
		ADDED from src\main\AndroidManifest.xml:349:13-82
activity#com.eyunda.third.activities.ship.ShipCabinActivity
ADDED from src\main\AndroidManifest.xml:354:9-358:70
	android:screenOrientation
		ADDED from src\main\AndroidManifest.xml:357:13-49
	android:windowSoftInputMode
		ADDED from src\main\AndroidManifest.xml:358:13-67
	android:configChanges
		ADDED from src\main\AndroidManifest.xml:356:13-63
	android:name
		ADDED from src\main\AndroidManifest.xml:355:13-78
activity#com.eyunda.third.activities.ship.ContractTemplateActivity
ADDED from src\main\AndroidManifest.xml:360:9-364:70
	android:screenOrientation
		ADDED from src\main\AndroidManifest.xml:363:13-49
	android:windowSoftInputMode
		ADDED from src\main\AndroidManifest.xml:364:13-67
	android:configChanges
		ADDED from src\main\AndroidManifest.xml:362:13-63
	android:name
		ADDED from src\main\AndroidManifest.xml:361:13-85
activity#com.eyunda.third.activities.home.HomeDynamicActivity
ADDED from src\main\AndroidManifest.xml:366:9-371:70
	android:screenOrientation
		ADDED from src\main\AndroidManifest.xml:370:13-49
	android:launchMode
		ADDED from src\main\AndroidManifest.xml:369:13-44
	android:windowSoftInputMode
		ADDED from src\main\AndroidManifest.xml:371:13-67
	android:configChanges
		ADDED from src\main\AndroidManifest.xml:368:13-63
	android:name
		ADDED from src\main\AndroidManifest.xml:367:13-80
activity#com.eyunda.third.activities.ship.EditTemplateActivity
ADDED from src\main\AndroidManifest.xml:375:9-379:70
	android:screenOrientation
		ADDED from src\main\AndroidManifest.xml:378:13-49
	android:windowSoftInputMode
		ADDED from src\main\AndroidManifest.xml:379:13-67
	android:configChanges
		ADDED from src\main\AndroidManifest.xml:377:13-63
	android:name
		ADDED from src\main\AndroidManifest.xml:376:13-81
activity#com.eyunda.third.activities.ship.UploadActivity
ADDED from src\main\AndroidManifest.xml:381:9-385:70
	android:screenOrientation